<?xml version="1.0" encoding="UTF-8"?>
<!-- Generated by org.testng.reporters.JUnitReportReporter -->
<testsuite hostname="ENFS-L194" failures="0" tests="1" name="example.NewTest" time="8.640" errors="0" timestamp="29 Jun 2021 09:13:05 GMT">
  <testcase classname="example.NewTest" name="testEasy" time="8.640"/>
</testsuite> <!-- example.NewTest -->
